  erg1.cpp
C:\Users\Kingpin\Documents\GitHub\Programming-on-Web\erg1\erg1\erg1\erg1.cpp(33,14): warning C4244: 'initializing': conversion from 'double' to 'int', possible loss of data
C:\Users\Kingpin\Documents\GitHub\Programming-on-Web\erg1\erg1\erg1\erg1.cpp(78,18): warning C4267: 'return': conversion from 'size_t' to 'int', possible loss of data
C:\Users\Kingpin\Documents\GitHub\Programming-on-Web\erg1\erg1\erg1\erg1.cpp(102,16): warning C4244: 'initializing': conversion from 'double' to 'int', possible loss of data
C:\Users\Kingpin\Documents\GitHub\Programming-on-Web\erg1\erg1\erg1\erg1.cpp(114,32): warning C4244: '+=': conversion from 'double' to 'int', possible loss of data
C:\Users\Kingpin\Documents\GitHub\Programming-on-Web\erg1\erg1\erg1\erg1.cpp(143,61): warning C4267: '=': conversion from 'size_t' to '_Ty', possible loss of data
          with
          [
              _Ty=int
          ]
C:\Users\Kingpin\Documents\GitHub\Programming-on-Web\erg1\erg1\erg1\erg1.cpp(100,17): warning C4101: 'y': unreferenced local variable
C:\Users\Kingpin\Documents\GitHub\Programming-on-Web\erg1\erg1\erg1\erg1.cpp(100,10): warning C4101: 'x': unreferenced local variable
C:\Users\Kingpin\Documents\GitHub\Programming-on-Web\erg1\erg1\erg1\erg1.cpp(154,12): warning C4244: 'initializing': conversion from 'double' to 'int', possible loss of data
C:\Users\Kingpin\Documents\GitHub\Programming-on-Web\erg1\erg1\erg1\erg1.cpp(170,50): warning C4267: '-=': conversion from 'size_t' to '_Ty', possible loss of data
          with
          [
              _Ty=int
          ]
C:\Users\Kingpin\Documents\GitHub\Programming-on-Web\erg1\erg1\erg1\erg1.cpp(180,12): warning C4244: 'argument': conversion from 'time_t' to 'unsigned int', possible loss of data
C:\Users\Kingpin\Documents\GitHub\Programming-on-Web\erg1\erg1\erg1\erg1.cpp(252,13): warning C4244: 'initializing': conversion from 'double' to 'int', possible loss of data
C:\Users\Kingpin\Documents\GitHub\Programming-on-Web\erg1\erg1\erg1\erg1.cpp(264,29): warning C4244: '+=': conversion from 'double' to 'int', possible loss of data
C:\Users\Kingpin\Documents\GitHub\Programming-on-Web\erg1\erg1\erg1\erg1.cpp(281,12): warning C4244: 'argument': conversion from 'time_t' to 'unsigned int', possible loss of data
C:\Users\Kingpin\Documents\GitHub\Programming-on-Web\erg1\erg1\erg1\erg1.cpp(334,11): warning C4477: 'printf' : format string '%i' requires an argument of type 'int', but variadic argument 1 has type 'unsigned __int64'
C:\Users\Kingpin\Documents\GitHub\Programming-on-Web\erg1\erg1\erg1\erg1.cpp(334,11): message : consider using '%zi' in the format string
C:\Users\Kingpin\Documents\GitHub\Programming-on-Web\erg1\erg1\erg1\erg1.cpp(335,52): warning C4267: 'argument': conversion from 'size_t' to '_Ty', possible loss of data
          with
          [
              _Ty=int
          ]
C:\Users\Kingpin\Documents\GitHub\Programming-on-Web\erg1\erg1\erg1\erg1.cpp(340,73): warning C4267: 'argument': conversion from 'size_t' to '_Ty', possible loss of data
          with
          [
              _Ty=int
          ]
C:\Users\Kingpin\Documents\GitHub\Programming-on-Web\erg1\erg1\erg1\erg1.cpp(343,11): warning C4477: 'printf' : format string '%i' requires an argument of type 'int', but variadic argument 1 has type 'unsigned __int64'
C:\Users\Kingpin\Documents\GitHub\Programming-on-Web\erg1\erg1\erg1\erg1.cpp(343,11): message : consider using '%zi' in the format string
C:\Users\Kingpin\Documents\GitHub\Programming-on-Web\erg1\erg1\erg1\erg1.cpp(346,7): warning C4267: 'argument': conversion from 'size_t' to 'int', possible loss of data
C:\Users\Kingpin\Documents\GitHub\Programming-on-Web\erg1\erg1\erg1\erg1.cpp(355,80): warning C4267: 'argument': conversion from 'size_t' to 'int', possible loss of data
C:\Users\Kingpin\Documents\GitHub\Programming-on-Web\erg1\erg1\erg1\erg1.cpp(356,59): warning C4267: 'argument': conversion from 'size_t' to 'int', possible loss of data
  erg1.vcxproj -> C:\Users\Kingpin\Documents\GitHub\Programming-on-Web\erg1\erg1\x64\Debug\erg1.exe
